warning: ignoring unsupported tag `OUTPUT_TEXT_DIRECTION  =' at line 102, file /home/travis/build/EDrever-Smith/2019_GROUP_32/Model_Loading_Library/Doxyfile
warning: ignoring unsupported tag `JAVADOC_BANNER         =' at line 208, file /home/travis/build/EDrever-Smith/2019_GROUP_32/Model_Loading_Library/Doxyfile
warning: ignoring unsupported tag `OPTIMIZE_OUTPUT_SLICE  =' at line 306, file /home/travis/build/EDrever-Smith/2019_GROUP_32/Model_Loading_Library/Doxyfile
warning: ignoring unsupported tag `TOC_INCLUDE_HEADINGS   =' at line 345, file /home/travis/build/EDrever-Smith/2019_GROUP_32/Model_Loading_Library/Doxyfile
warning: ignoring unsupported tag `EXTRACT_PRIV_VIRTUAL   =' at line 482, file /home/travis/build/EDrever-Smith/2019_GROUP_32/Model_Loading_Library/Doxyfile
warning: ignoring unsupported tag `CLANG_DATABASE_PATH    =' at line 1140, file /home/travis/build/EDrever-Smith/2019_GROUP_32/Model_Loading_Library/Doxyfile
warning: ignoring unsupported tag `HTML_DYNAMIC_MENUS     =' at line 1305, file /home/travis/build/EDrever-Smith/2019_GROUP_32/Model_Loading_Library/Doxyfile
warning: ignoring unsupported tag `LATEX_MAKEINDEX_CMD    =' at line 1770, file /home/travis/build/EDrever-Smith/2019_GROUP_32/Model_Loading_Library/Doxyfile
warning: ignoring unsupported tag `LATEX_EMOJI_DIRECTORY  =' at line 1912, file /home/travis/build/EDrever-Smith/2019_GROUP_32/Model_Loading_Library/Doxyfile
warning: ignoring unsupported tag `XML_NS_MEMB_FILE_SCOPE =' at line 2056, file /home/travis/build/EDrever-Smith/2019_GROUP_32/Model_Loading_Library/Doxyfile
warning: ignoring unsupported tag `PLANTUML_CFG_FILE      =' at line 2502, file /home/travis/build/EDrever-Smith/2019_GROUP_32/Model_Loading_Library/Doxyfile
Searching for include files...
Searching for example files...
Searching for images...
Searching for dot files...
Searching for msc files...
Searching for dia files...
Searching for files to exclude
Searching INPUT for files to process...
Searching for files in directory /home/travis/build/EDrever-Smith/2019_GROUP_32/Model_Loading_Library
Searching for files in directory /home/travis/build/EDrever-Smith/2019_GROUP_32/Model_Loading_Library/CMakeFiles
Searching for files in directory /home/travis/build/EDrever-Smith/2019_GROUP_32/Model_Loading_Library/CMakeFiles/3.12.4
Searching for files in directory /home/travis/build/EDrever-Smith/2019_GROUP_32/Model_Loading_Library/CMakeFiles/3.12.4/CompilerIdC
Searching for files in directory /home/travis/build/EDrever-Smith/2019_GROUP_32/Model_Loading_Library/CMakeFiles/3.12.4/CompilerIdC/tmp
Searching for files in directory /home/travis/build/EDrever-Smith/2019_GROUP_32/Model_Loading_Library/CMakeFiles/3.12.4/CompilerIdCXX
Searching for files in directory /home/travis/build/EDrever-Smith/2019_GROUP_32/Model_Loading_Library/CMakeFiles/3.12.4/CompilerIdCXX/tmp
Searching for files in directory /home/travis/build/EDrever-Smith/2019_GROUP_32/Model_Loading_Library/CMakeFiles/CMakeTmp
Searching for files in directory /home/travis/build/EDrever-Smith/2019_GROUP_32/Model_Loading_Library/CMakeFiles/Continuous.dir
Searching for files in directory /home/travis/build/EDrever-Smith/2019_GROUP_32/Model_Loading_Library/CMakeFiles/ContinuousBuild.dir
Searching for files in directory /home/travis/build/EDrever-Smith/2019_GROUP_32/Model_Loading_Library/CMakeFiles/ContinuousConfigure.dir
Searching for files in directory /home/travis/build/EDrever-Smith/2019_GROUP_32/Model_Loading_Library/CMakeFiles/ContinuousCoverage.dir
Searching for files in directory /home/travis/build/EDrever-Smith/2019_GROUP_32/Model_Loading_Library/CMakeFiles/ContinuousMemCheck.dir
Searching for files in directory /home/travis/build/EDrever-Smith/2019_GROUP_32/Model_Loading_Library/CMakeFiles/ContinuousStart.dir
Searching for files in directory /home/travis/build/EDrever-Smith/2019_GROUP_32/Model_Loading_Library/CMakeFiles/ContinuousSubmit.dir
Searching for files in directory /home/travis/build/EDrever-Smith/2019_GROUP_32/Model_Loading_Library/CMakeFiles/ContinuousTest.dir
Searching for files in directory /home/travis/build/EDrever-Smith/2019_GROUP_32/Model_Loading_Library/CMakeFiles/ContinuousUpdate.dir
Searching for files in directory /home/travis/build/EDrever-Smith/2019_GROUP_32/Model_Loading_Library/CMakeFiles/Experimental.dir
Searching for files in directory /home/travis/build/EDrever-Smith/2019_GROUP_32/Model_Loading_Library/CMakeFiles/ExperimentalBuild.dir
Searching for files in directory /home/travis/build/EDrever-Smith/2019_GROUP_32/Model_Loading_Library/CMakeFiles/ExperimentalConfigure.dir
Searching for files in directory /home/travis/build/EDrever-Smith/2019_GROUP_32/Model_Loading_Library/CMakeFiles/ExperimentalCoverage.dir
Searching for files in directory /home/travis/build/EDrever-Smith/2019_GROUP_32/Model_Loading_Library/CMakeFiles/ExperimentalMemCheck.dir
Searching for files in directory /home/travis/build/EDrever-Smith/2019_GROUP_32/Model_Loading_Library/CMakeFiles/ExperimentalStart.dir
Searching for files in directory /home/travis/build/EDrever-Smith/2019_GROUP_32/Model_Loading_Library/CMakeFiles/ExperimentalSubmit.dir
Searching for files in directory /home/travis/build/EDrever-Smith/2019_GROUP_32/Model_Loading_Library/CMakeFiles/ExperimentalTest.dir
Searching for files in directory /home/travis/build/EDrever-Smith/2019_GROUP_32/Model_Loading_Library/CMakeFiles/ExperimentalUpdate.dir
Searching for files in directory /home/travis/build/EDrever-Smith/2019_GROUP_32/Model_Loading_Library/CMakeFiles/matrixTest.dir
Searching for files in directory /home/travis/build/EDrever-Smith/2019_GROUP_32/Model_Loading_Library/CMakeFiles/matrixTest.dir/test
Searching for files in directory /home/travis/build/EDrever-Smith/2019_GROUP_32/Model_Loading_Library/CMakeFiles/Model_Loading_Library.dir
Searching for files in directory /home/travis/build/EDrever-Smith/2019_GROUP_32/Model_Loading_Library/CMakeFiles/Model_Loading_Library.dir/src
Searching for files in directory /home/travis/build/EDrever-Smith/2019_GROUP_32/Model_Loading_Library/CMakeFiles/modelTest.dir
Searching for files in directory /home/travis/build/EDrever-Smith/2019_GROUP_32/Model_Loading_Library/CMakeFiles/modelTest.dir/test
Searching for files in directory /home/travis/build/EDrever-Smith/2019_GROUP_32/Model_Loading_Library/CMakeFiles/Nightly.dir
Searching for files in directory /home/travis/build/EDrever-Smith/2019_GROUP_32/Model_Loading_Library/CMakeFiles/NightlyBuild.dir
Searching for files in directory /home/travis/build/EDrever-Smith/2019_GROUP_32/Model_Loading_Library/CMakeFiles/NightlyConfigure.dir
Searching for files in directory /home/travis/build/EDrever-Smith/2019_GROUP_32/Model_Loading_Library/CMakeFiles/NightlyCoverage.dir
Searching for files in directory /home/travis/build/EDrever-Smith/2019_GROUP_32/Model_Loading_Library/CMakeFiles/NightlyMemCheck.dir
Searching for files in directory /home/travis/build/EDrever-Smith/2019_GROUP_32/Model_Loading_Library/CMakeFiles/NightlyMemoryCheck.dir
Searching for files in directory /home/travis/build/EDrever-Smith/2019_GROUP_32/Model_Loading_Library/CMakeFiles/NightlyStart.dir
Searching for files in directory /home/travis/build/EDrever-Smith/2019_GROUP_32/Model_Loading_Library/CMakeFiles/NightlySubmit.dir
Searching for files in directory /home/travis/build/EDrever-Smith/2019_GROUP_32/Model_Loading_Library/CMakeFiles/NightlyTest.dir
Searching for files in directory /home/travis/build/EDrever-Smith/2019_GROUP_32/Model_Loading_Library/CMakeFiles/NightlyUpdate.dir
Searching for files in directory /home/travis/build/EDrever-Smith/2019_GROUP_32/Model_Loading_Library/CMakeFiles/vectorTest.dir
Searching for files in directory /home/travis/build/EDrever-Smith/2019_GROUP_32/Model_Loading_Library/CMakeFiles/vectorTest.dir/test
Searching for files in directory /home/travis/build/EDrever-Smith/2019_GROUP_32/Model_Loading_Library/include
Searching for files in directory /home/travis/build/EDrever-Smith/2019_GROUP_32/Model_Loading_Library/src
Searching for files in directory /home/travis/build/EDrever-Smith/2019_GROUP_32/Model_Loading_Library/test
Searching for files in directory /home/travis/build/EDrever-Smith/2019_GROUP_32/Model_Loading_Library/Testing
Searching for files in directory /home/travis/build/EDrever-Smith/2019_GROUP_32/Model_Loading_Library/Testing/Temporary
Reading and parsing tag files
Parsing files
Preprocessing /home/travis/build/EDrever-Smith/2019_GROUP_32/Model_Loading_Library/CMakeFiles/3.12.4/CompilerIdC/CMakeCCompilerId.c...
Parsing file /home/travis/build/EDrever-Smith/2019_GROUP_32/Model_Loading_Library/CMakeFiles/3.12.4/CompilerIdC/CMakeCCompilerId.c...
Preprocessing /home/travis/build/EDrever-Smith/2019_GROUP_32/Model_Loading_Library/CMakeFiles/3.12.4/CompilerIdCXX/CMakeCXXCompilerId.cpp...
Parsing file /home/travis/build/EDrever-Smith/2019_GROUP_32/Model_Loading_Library/CMakeFiles/3.12.4/CompilerIdCXX/CMakeCXXCompilerId.cpp...
Preprocessing /home/travis/build/EDrever-Smith/2019_GROUP_32/Model_Loading_Library/CMakeFiles/feature_tests.c...
Parsing file /home/travis/build/EDrever-Smith/2019_GROUP_32/Model_Loading_Library/CMakeFiles/feature_tests.c...
Preprocessing /home/travis/build/EDrever-Smith/2019_GROUP_32/Model_Loading_Library/CMakeFiles/feature_tests.cxx...
Parsing file /home/travis/build/EDrever-Smith/2019_GROUP_32/Model_Loading_Library/CMakeFiles/feature_tests.cxx...
Reading /home/travis/build/EDrever-Smith/2019_GROUP_32/Model_Loading_Library/DartConfiguration.tcl...
Parsing /home/travis/build/EDrever-Smith/2019_GROUP_32/Model_Loading_Library/DartConfiguration.tcl...
Preprocessing /home/travis/build/EDrever-Smith/2019_GROUP_32/Model_Loading_Library/include/cell.h...
Parsing file /home/travis/build/EDrever-Smith/2019_GROUP_32/Model_Loading_Library/include/cell.h...
Preprocessing /home/travis/build/EDrever-Smith/2019_GROUP_32/Model_Loading_Library/include/hexahedron.h...
Parsing file /home/travis/build/EDrever-Smith/home/travis/build/EDrever-Smith/2019_GROUP_32/Model_Loading_Library/src/vector.cpp:243: warning: Reached end of file while still inside a (nested) comment. Nesting level 2 (probable line reference: 114, 105)
/2019_GROUP_32/Model_Loading_Library/include/hexahedron.h...
Preprocessing /home/travis/build/EDrever-Smith/2019_GROUP_32/Model_Loading_Library/include/material.h...
Parsing file /home/travis/build/EDrever-Smith/2019_GROUP_32/Model_Loading_Library/include/material.h...
Preprocessing /home/travis/build/EDrever-Smith/2019_GROUP_32/Model_Loading_Library/include/matrix.h...
Parsing file /home/travis/build/EDrever-Smith/2019_GROUP_32/Model_Loading_Library/include/matrix.h...
Preprocessing /home/travis/build/EDrever-Smith/2019_GROUP_32/Model_Loading_Library/include/model.h...
Parsing file /home/travis/build/EDrever-Smith/2019_GROUP_32/Model_Loading_Library/include/model.h...
Preprocessing /home/travis/build/EDrever-Smith/2019_GROUP_32/Model_Loading_Library/include/pyramid.h...
Parsing file /home/travis/build/EDrever-Smith/2019_GROUP_32/Model_Loading_Library/include/pyramid.h...
Preprocessing /home/travis/build/EDrever-Smith/2019_GROUP_32/Model_Loading_Library/include/tetrahedron.h...
Parsing file /home/travis/build/EDrever-Smith/2019_GROUP_32/Model_Loading_Library/include/tetrahedron.h...
Preprocessing /home/travis/build/EDrever-Smith/2019_GROUP_32/Model_Loading_Library/include/vector.h...
Parsing file /home/travis/build/EDrever-Smith/2019_GROUP_32/Model_Loading_Library/include/vector.h...
Preprocessing /home/travis/build/EDrever-Smith/2019_GROUP_32/Model_Loading_Library/src/cell.cpp...
Parsing file /home/travis/build/EDrever-Smith/2019_GROUP_32/Model_Loading_Library/src/cell.cpp...
Preprocessing /home/travis/build/EDrever-Smith/2019_GROUP_32/Model_Loading_Library/src/hexahedron.cpp...
Parsing file /home/travis/build/EDrever-Smith/2019_GROUP_32/Model_Loading_Library/src/hexahedron.cpp...
Preprocessing /home/travis/build/EDrever-Smith/2019_GROUP_32/Model_Loading_Library/src/material.cpp...
Parsing file /home/travis/build/EDrever-Smith/2019_GROUP_32/Model_Loading_Library/src/material.cpp...
Preprocessing /home/travis/build/EDrever-Smith/2019_GROUP_32/Model_Loading_Library/src/matrix.cpp...
Parsing file /home/travis/build/EDrever-Smith/2019_GROUP_32/Model_Loading_Library/src/matrix.cpp...
Preprocessing /home/travis/build/EDrever-Smith/2019_GROUP_32/Model_Loading_Library/src/model.cpp...
Parsing file /home/travis/build/EDrever-Smith/2019_GROUP_32/Model_Loading_Library/src/model.cpp...
Preprocessing /home/travis/build/EDrever-Smith/2019_GROUP_32/Model_Loading_Library/src/pyramid.cpp...
Parsing file /home/travis/build/EDrever-Smith/2019_GROUP_32/Model_Loading_Library/src/pyramid.cpp...
Preprocessing /home/travis/build/EDrever-Smith/2019_GROUP_32/Model_Loading_Library/src/tetrahedron.cpp...
Parsing file /home/travis/build/EDrever-Smith/2019_GROUP_32/Model_Loading_Library/src/tetrahedron.cpp...
Preprocessing /home/travis/build/EDrever-Smith/2019_GROUP_32/Model_Loading_Library/src/vector.cpp...
Parsing file /home/travis/build/EDrever-Smith/2019_GROUP_32/Model_Loading_Library/src/vector.cpp...
Preprocessing /home/travis/build/EDrever-Smith/2019_GROUP_32/Model_Loading_Library/test/matrixTest.cpp...
Parsing file /home/travis/build/EDrever-Smith/2019_GROUP_32/Model_Loading_Library/test/matrixTest.cpp...
Preprocessing /home/travis/build/EDrever-Smith/2019_GROUP_32/Model_Loading_Library/test/modelTest.cpp...
Parsing file /home/travis/build/EDrever-Smith/2019_GROUP_32/Model_Loading_Library/test/modelTest.cpp...
Preprocessing /home/travis/build/EDrever-Smith/2019_GROUP_32/Model_Loading_Library/test/vectorTest.cpp...
Parsing file /home/travis/build/EDrever-Smith/2019_GROUP_32/Model_Loading_Library/test/vectorTest.cpp...
Building group list...
Building directory list...
Building namespace list...
Building file list...
Building class list...
Associating documentation with classes...
Computing nesting relations for classes...
Building example list...
Searching for enumerations...
Searching for documented typedefs...
Searching for members imported via using declarations...
Searching for included using directives...
Searching for documented variables...
Building interface member list...
Building member list...
Searching for friends...
Searching for /home/travis/build/EDrever-Smith/2019_GROUP_32/Model_Loading_Library/include/cell.h:76: warning: argument 'string' of command @param is not found in the argument list of Cell::hexToDec(string color) const
/home/travis/build/EDrever-Smith/2019_GROUP_32/Model_Loading_Library/include/cell.h:79: warning: The following parameters of Cell::hexToDec(string color) const are not documented:
  parameter 'color'
/home/travis/build/EDrever-Smith/2019_GROUP_32/Model_Loading_Library/include/material.h:19: warning: Member density (variable) of class Material is not documented.
/home/travis/build/EDrever-Smith/2019_GROUP_32/Model_Loading_Library/include/material.h:20: warning: Member colour (variable) of class Material is not documented.
/home/travis/build/EDrever-Smith/2019_GROUP_32/Model_Loading_Library/include/material.h:21: warning: Member name (variable) of class Material is not documented.
/home/travis/build/EDrever-Smith/2019_GROUP_32/Model_Loading_Library/include/material.h:22: warning: Member id (variable) of class Material is not documented.
/home/travis/build/EDrever-Smith/2019_GROUP_32/Model_Loading_Library/include/matrix.h:123: warning: Member data (variable) of class Matrix is not documented.
/home/travis/build/EDrever-Smith/2019_GROUP_32/Model_Loading_Library/include/matrix.h:124: warning: Member row (variable) of class Matrix is not documented.
/home/travis/build/EDrever-Smith/2019_GROUP_32/Model_Loading_Library/include/matrix.h:125: warning: Member col (variable) of class Matrix is not documented.
/home/travis/build/EDrever-Smith/2019_GROUP_32/Model_Loading_Library/include/matrix.h:126: warning: Member size (variable) of class Matrix is not documented.
documented defines...
Computing class inheritance relations...
Computing class usage relations...
Flushing cached template relations that have become invalid...
Creating members for template instances...
Computing class relations...
Add enum values to enums...
Searching for member function documentation...
Building page list...
Search for main page...
Computing page relations...
Determining the scope of groups...
Sorting lists...
Freeing entry tree
Determining which enums are documented
Computing member relations...
Building full member lists recursively...
Adding members to member groups.
Computing member references...
Inheriting documentation...
Generating disk names...
Adding source references...
Adding xrefitems...
Sorting member lists...
Computing dependencies between directories...
Generating citations page...
Counting data structures...
Resolving user defined references...
Finding anchors and sections in the documentation...
Transferring function references...
Combining using relations...
Adding members to index pages...
Generating style sheet...
Generating search indices...
Generating example documentation...
Generating file sources...
Generating code for file /home/travis/build/EDrever-Smith/2019_GROUP_32/Model_Loading_Library/include/cell.h...
Generating code for file /home/travis/build/EDrever-Smith/2019_GROUP_32/Model_Loading_Library/include/hexahedron.h...
Generating code for file /home/travis/build/EDrever-Smith/2019_GROUP_32/Model_Loading_Library/include/material.h...
Generating code for file /home/travis/build/EDrever-Smith/2019_GROUP_32/Model_Loading_Library/include/matrix.h...
Generating code for file /home/travis/build/EDrever-Smith/2019_GROUP_32/Model_Loading_Library/include/model.h...
Generating code for file /home/travis/build/EDrever-Smith/2019_GROUP_32/Model_Loading_Library/include/pyramid.h...
Generating code for file /home/travis/build/EDrever-Smith/2019_GROUP_32/Model_Loading_Library/include/tetrahedron.h...
Generating code for file /home/travis/build/EDrever-Smith/2019_GROUP_32/Model_Loading_Library/include/vector.h...
Generating file documentation...
Generating docs for file /home/travis/build/EDrever-Smith/2019_GROUP_32/Model_Loading_Library/include/cell.h...
Generating docs for file /home/travis/build/EDrever-Smith/2019_GROUP_32/Model_Loading_Library/include/hexahedron.h...
Generating docs for file /home/travis/build/EDrever-Smith/2019_GROUP_32/Model_Loading_Library/include/material.h...
Generating docs for file /home/travis/build/EDrever-Smith/2019_GROUP_32/Model_Loading_Library/include/matrix.h...
Generating docs for file /home/travis/build/EDrever-Smith/2019_GROUP_32/Model_Loading_Library/include/model.h...
Generating docs for file /home/travis/build/EDrever-Smith/2019_GROUP_32/Model_Loading_Library/include/pyramid.h...
Generating docs for file /home/travis/build/EDrever-Smith/2019_GROUP_32/Model_Loading_Library/include/tetrahedron.h...
Generating docs for file /home/travis/build/EDrever-Smith/2019_GROUP_32/Model_Loading_Library/include/vector.h...
Generating page documentation...
Generating group documentation...
Generating class documentation...
Generating docs for compound Cell...
Generating docs for compound Hexahedron...
Generating docs for compound Material...
Generating docs for compound Matrix...
Generating docs for compound Model...
Generating docs for compound Pyramid...
Generating docs for compound Tetrahedron...
Generating docs for compound Vector...
Generating namespace index...
Generating graph info page...
Generating directory documentation...
Generating index page...
Generating page index...
Generating module index...
Generating namespace index...
Generating namespace member index...
Generating annotated compound index...
Generating alphabetical compound index...
Generating hierarchical class index...
Generating member index...
Generating file index...
Generating file member index...
Generating example index...
finalizing index lists...
writing tag file...
lookup cache used 210/65536 hits=1156 misses=220
finished...
